<?xml version="1.0" encoding="UTF-8"?>
<testng-results ignored="0" total="1" passed="1" failed="0" skipped="0">
  <reporter-output>
  </reporter-output>
  <suite started-at="2022-11-19T17:15:04 IST" name="Suite" finished-at="2022-11-19T17:15:04 IST" duration-ms="351">
    <groups>
    </groups>
    <test started-at="2022-11-19T17:15:04 IST" name="Test" finished-at="2022-11-19T17:15:04 IST" duration-ms="351">
      <class name="com.framework.tests.LoginTest">
        <test-method is-config="true" signature="setUp()[pri:0, instance:com.framework.tests.LoginTest@d86a6f]" started-at="2022-11-19T17:15:01 IST" name="setUp" finished-at="2022-11-19T17:15:04 IST" duration-ms="2838" status="PASS">
          <reporter-output>
          </reporter-output>
        </test-method> <!-- setUp -->
        <test-method signature="validateLogin()[pri:0, instance:com.framework.tests.LoginTest@d86a6f]" started-at="2022-11-19T17:15:04 IST" name="validateLogin" finished-at="2022-11-19T17:15:04 IST" duration-ms="317" status="PASS">
          <reporter-output>
          </reporter-output>
        </test-method> <!-- validateLogin -->
      </class> <!-- com.framework.tests.LoginTest -->
    </test> <!-- Test -->
  </suite> <!-- Suite -->
</testng-results>
